<?xml version="1.0" encoding="UTF-8"?>
<!-- Generated by org.testng.reporters.JUnitXMLReporter -->
<testsuite ignored="0" hostname="MT-5CD119LF0H" failures="2" tests="10" name="Test" time="198.44" errors="0" timestamp="2021-11-22T17:13:52 IST">
  <testcase classname="com.mindtree.runner.GiftRunner" name="validateTitle" time="0.431"/>
  <testcase classname="com.mindtree.runner.GiftRunner" name="LogIn" time="17.61">
    <failure type="com.mindtree.exceptions.ApplicationException" message="Logged in failed">
      <![CDATA[com.mindtree.exceptions.ApplicationException: Logged in failed
at com.mindtree.runner.GiftRunner.LogIn(GiftRunner.java:71)
at java.base/java.util.ArrayList.forEach(ArrayList.java:1511)
... Removed 31 stack frames]]>
    </failure>
  </testcase> <!-- LogIn -->
  <testcase classname="com.mindtree.runner.GiftRunner" name="PersonalizeGift" time="30.141"/>
  <testcase classname="com.mindtree.runner.GiftRunner" name="WhtsNewGift" time="24.743"/>
  <testcase classname="com.mindtree.runner.GiftRunner" name="ChristmasGift" time="25.53"/>
  <testcase classname="com.mindtree.runner.GiftRunner" name="SecretSantaGift" time="16.832"/>
  <testcase classname="com.mindtree.runner.GiftRunner" name="homeDecor" time="22.595"/>
  <testcase classname="com.mindtree.runner.GiftRunner" name="Gifts" time="25.934"/>
  <testcase classname="com.mindtree.runner.GiftRunner" name="cropDetailSubmit" time="19.07"/>
  <testcase classname="com.mindtree.runner.GiftRunner" name="cartValidate" time="1.225">
    <failure type="com.mindtree.exceptions.ApplicationException" message="All products not Added to cart">
      <![CDATA[com.mindtree.exceptions.ApplicationException: All products not Added to cart
at com.mindtree.runner.GiftRunner.cartValidate(GiftRunner.java:244)
at java.base/java.util.ArrayList.forEach(ArrayList.java:1511)
... Removed 31 stack frames]]>
    </failure>
  </testcase> <!-- cartValidate -->
</testsuite> <!-- Test -->
