<?xml version="1.0" encoding="UTF-8"?>
<testng-results ignored="0" total="10" passed="8" failed="2" skipped="0">
  <reporter-output>
  </reporter-output>
  <suite started-at="2021-11-22T17:10:34 IST" name="Suite" finished-at="2021-11-22T17:13:52 IST" duration-ms="198440">
    <groups>
    </groups>
    <test started-at="2021-11-22T17:10:34 IST" name="Test" finished-at="2021-11-22T17:13:52 IST" duration-ms="198440">
      <class name="com.mindtree.runner.GiftRunner">
        <test-method is-config="true" signature="initializeDriver()[pri:0, instance:com.mindtree.runner.GiftRunner@ebaa6cb]" started-at="2021-11-22T17:10:34 IST" name="initializeDriver" finished-at="2021-11-22T17:10:48 IST" duration-ms="13876" status="PASS">
          <reporter-output>
          </reporter-output>
        </test-method> <!-- initializeDriver -->
        <test-method signature="validateTitle(java.lang.String)[pri:1, instance:com.mindtree.runner.GiftRunner@ebaa6cb]" started-at="2021-11-22T17:10:48 IST" name="validateTitle" data-provider="getTitle" finished-at="2021-11-22T17:10:48 IST" duration-ms="431" status="PASS">
          <params>
            <param index="0">
              <value>
                <![CDATA[Gifts Online - Send Unique, Unusual Gifts in India, Buy Gifts– Bigsmall.in]]>
              </value>
            </param>
          </params>
          <reporter-output>
          </reporter-output>
        </test-method> <!-- validateTitle -->
        <test-method signature="LogIn(java.lang.String, java.lang.String)[pri:2, instance:com.mindtree.runner.GiftRunner@ebaa6cb]" started-at="2021-11-22T17:10:48 IST" name="LogIn" data-provider="getData" finished-at="2021-11-22T17:11:06 IST" duration-ms="17610" status="FAIL">
          <params>
            <param index="0">
              <value>
                <![CDATA[motog05052000@gmail.com]]>
              </value>
            </param>
            <param index="1">
              <value>
                <![CDATA[123456789]]>
              </value>
            </param>
          </params>
          <exception class="com.mindtree.exceptions.ApplicationException">
            <message>
              <![CDATA[Logged in failed]]>
            </message>
            <full-stacktrace>
              <![CDATA[com.mindtree.exceptions.ApplicationException: Logged in failed
at com.mindtree.runner.GiftRunner.LogIn(GiftRunner.java:71)
at java.base/jdk.internal.reflect.NativeMethodAccessorImpl.invoke0(Native Method)
at java.base/jdk.internal.reflect.NativeMethodAccessorImpl.invoke(NativeMethodAccessorImpl.java:78)
at java.base/jdk.internal.reflect.DelegatingMethodAccessorImpl.invoke(DelegatingMethodAccessorImpl.java:43)
at java.base/java.lang.reflect.Method.invoke(Method.java:567)
at org.testng.internal.MethodInvocationHelper.invokeMethod(MethodInvocationHelper.java:133)
at org.testng.internal.TestInvoker.invokeMethod(TestInvoker.java:584)
at org.testng.internal.TestInvoker.invokeTestMethod(TestInvoker.java:172)
at org.testng.internal.MethodRunner.runInSequence(MethodRunner.java:46)
at org.testng.internal.TestInvoker$MethodInvocationAgent.invoke(TestInvoker.java:804)
at org.testng.internal.TestInvoker.invokeTestMethods(TestInvoker.java:145)
at org.testng.internal.TestMethodWorker.invokeTestMethods(TestMethodWorker.java:146)
at org.testng.internal.TestMethodWorker.run(TestMethodWorker.java:128)
at java.base/java.util.ArrayList.forEach(ArrayList.java:1511)
at org.testng.TestRunner.privateRun(TestRunner.java:770)
at org.testng.TestRunner.run(TestRunner.java:591)
at org.testng.SuiteRunner.runTest(SuiteRunner.java:402)
at org.testng.SuiteRunner.runSequentially(SuiteRunner.java:396)
at org.testng.SuiteRunner.privateRun(SuiteRunner.java:355)
at org.testng.SuiteRunner.run(SuiteRunner.java:304)
at org.testng.SuiteRunnerWorker.runSuite(SuiteRunnerWorker.java:53)
at org.testng.SuiteRunnerWorker.run(SuiteRunnerWorker.java:96)
at org.testng.TestNG.runSuitesSequentially(TestNG.java:1180)
at org.testng.TestNG.runSuitesLocally(TestNG.java:1102)
at org.testng.TestNG.runSuites(TestNG.java:1032)
at org.testng.TestNG.run(TestNG.java:1000)
at org.apache.maven.surefire.testng.TestNGExecutor.run(TestNGExecutor.java:284)
at org.apache.maven.surefire.testng.TestNGXmlTestSuite.execute(TestNGXmlTestSuite.java:75)
at org.apache.maven.surefire.testng.TestNGProvider.invoke(TestNGProvider.java:119)
at org.apache.maven.surefire.booter.ForkedBooter.runSuitesInProcess(ForkedBooter.java:428)
at org.apache.maven.surefire.booter.ForkedBooter.execute(ForkedBooter.java:162)
at org.apache.maven.surefire.booter.ForkedBooter.run(ForkedBooter.java:562)
at org.apache.maven.surefire.booter.ForkedBooter.main(ForkedBooter.java:548)
]]>
            </full-stacktrace>
          </exception> <!-- com.mindtree.exceptions.ApplicationException -->
          <reporter-output>
          </reporter-output>
        </test-method> <!-- LogIn -->
        <test-method signature="PersonalizeGift(java.lang.String, java.lang.String, java.lang.String)[pri:3, instance:com.mindtree.runner.GiftRunner@ebaa6cb]" started-at="2021-11-22T17:11:06 IST" name="PersonalizeGift" data-provider="getPerData" finished-at="2021-11-22T17:11:36 IST" duration-ms="30141" status="PASS">
          <params>
            <param index="0">
              <value>
                <![CDATA[3]]>
              </value>
            </param>
            <param index="1">
              <value>
                <![CDATA[Biren]]>
              </value>
            </param>
            <param index="2">
              <value>
                <![CDATA[Personalized Metallic Keychain I COD Not Available]]>
              </value>
            </param>
          </params>
          <reporter-output>
          </reporter-output>
        </test-method> <!-- PersonalizeGift -->
        <test-method signature="WhtsNewGift(java.lang.String, java.lang.String)[pri:4, instance:com.mindtree.runner.GiftRunner@ebaa6cb]" started-at="2021-11-22T17:11:36 IST" name="WhtsNewGift" data-provider="getWhtData" finished-at="2021-11-22T17:12:01 IST" duration-ms="24743" status="PASS">
          <params>
            <param index="0">
              <value>
                <![CDATA[3]]>
              </value>
            </param>
            <param index="1">
              <value>
                <![CDATA[Dice Keeper 3D Puzzle]]>
              </value>
            </param>
          </params>
          <reporter-output>
          </reporter-output>
        </test-method> <!-- WhtsNewGift -->
        <test-method signature="ChristmasGift(java.lang.String, java.lang.String)[pri:5, instance:com.mindtree.runner.GiftRunner@ebaa6cb]" started-at="2021-11-22T17:12:01 IST" name="ChristmasGift" data-provider="getChrisData" finished-at="2021-11-22T17:12:26 IST" duration-ms="25530" status="PASS">
          <params>
            <param index="0">
              <value>
                <![CDATA[2]]>
              </value>
            </param>
            <param index="1">
              <value>
                <![CDATA[Christmas Socks]]>
              </value>
            </param>
          </params>
          <reporter-output>
          </reporter-output>
        </test-method> <!-- ChristmasGift -->
        <test-method signature="SecretSantaGift(java.lang.String, java.lang.String)[pri:6, instance:com.mindtree.runner.GiftRunner@ebaa6cb]" started-at="2021-11-22T17:12:26 IST" name="SecretSantaGift" data-provider="getScrtData" finished-at="2021-11-22T17:12:43 IST" duration-ms="16832" status="PASS">
          <params>
            <param index="0">
              <value>
                <![CDATA[3]]>
              </value>
            </param>
            <param index="1">
              <value>
                <![CDATA[Harry Potter Plush Slippers]]>
              </value>
            </param>
          </params>
          <reporter-output>
          </reporter-output>
        </test-method> <!-- SecretSantaGift -->
        <test-method signature="homeDecor(java.lang.String, java.lang.String)[pri:7, instance:com.mindtree.runner.GiftRunner@ebaa6cb]" started-at="2021-11-22T17:12:43 IST" name="homeDecor" data-provider="getHmData" finished-at="2021-11-22T17:13:06 IST" duration-ms="22595" status="PASS">
          <params>
            <param index="0">
              <value>
                <![CDATA[3]]>
              </value>
            </param>
            <param index="1">
              <value>
                <![CDATA[3D Jewellery Holder Palette]]>
              </value>
            </param>
          </params>
          <reporter-output>
          </reporter-output>
        </test-method> <!-- homeDecor -->
        <test-method signature="Gifts(java.lang.String, java.lang.String, java.lang.String)[pri:8, instance:com.mindtree.runner.GiftRunner@ebaa6cb]" started-at="2021-11-22T17:13:06 IST" name="Gifts" data-provider="getGiftData" finished-at="2021-11-22T17:13:32 IST" duration-ms="25934" status="PASS">
          <params>
            <param index="0">
              <value>
                <![CDATA[Gifts For Kids]]>
              </value>
            </param>
            <param index="1">
              <value>
                <![CDATA[3]]>
              </value>
            </param>
            <param index="2">
              <value>
                <![CDATA[Panda Wooden LED Lamp]]>
              </value>
            </param>
          </params>
          <reporter-output>
          </reporter-output>
        </test-method> <!-- Gifts -->
        <test-method signature="cropDetailSubmit(java.lang.String, java.lang.String, java.lang.String)[pri:9, instance:com.mindtree.runner.GiftRunner@ebaa6cb]" started-at="2021-11-22T17:13:32 IST" name="cropDetailSubmit" data-provider="getCopData" finished-at="2021-11-22T17:13:51 IST" duration-ms="19070" status="PASS">
          <params>
            <param index="0">
              <value>
                <![CDATA[Biren]]>
              </value>
            </param>
            <param index="1">
              <value>
                <![CDATA[demo@gmai.com]]>
              </value>
            </param>
            <param index="2">
              <value>
                <![CDATA[8658865825]]>
              </value>
            </param>
          </params>
          <reporter-output>
          </reporter-output>
        </test-method> <!-- cropDetailSubmit -->
        <test-method signature="cartValidate()[pri:10, instance:com.mindtree.runner.GiftRunner@ebaa6cb]" started-at="2021-11-22T17:13:51 IST" name="cartValidate" finished-at="2021-11-22T17:13:52 IST" duration-ms="1225" status="FAIL">
          <exception class="com.mindtree.exceptions.ApplicationException">
            <message>
              <![CDATA[All products not Added to cart]]>
            </message>
            <full-stacktrace>
              <![CDATA[com.mindtree.exceptions.ApplicationException: All products not Added to cart
at com.mindtree.runner.GiftRunner.cartValidate(GiftRunner.java:244)
at java.base/jdk.internal.reflect.NativeMethodAccessorImpl.invoke0(Native Method)
at java.base/jdk.internal.reflect.NativeMethodAccessorImpl.invoke(NativeMethodAccessorImpl.java:78)
at java.base/jdk.internal.reflect.DelegatingMethodAccessorImpl.invoke(DelegatingMethodAccessorImpl.java:43)
at java.base/java.lang.reflect.Method.invoke(Method.java:567)
at org.testng.internal.MethodInvocationHelper.invokeMethod(MethodInvocationHelper.java:133)
at org.testng.internal.TestInvoker.invokeMethod(TestInvoker.java:584)
at org.testng.internal.TestInvoker.invokeTestMethod(TestInvoker.java:172)
at org.testng.internal.MethodRunner.runInSequence(MethodRunner.java:46)
at org.testng.internal.TestInvoker$MethodInvocationAgent.invoke(TestInvoker.java:804)
at org.testng.internal.TestInvoker.invokeTestMethods(TestInvoker.java:145)
at org.testng.internal.TestMethodWorker.invokeTestMethods(TestMethodWorker.java:146)
at org.testng.internal.TestMethodWorker.run(TestMethodWorker.java:128)
at java.base/java.util.ArrayList.forEach(ArrayList.java:1511)
at org.testng.TestRunner.privateRun(TestRunner.java:770)
at org.testng.TestRunner.run(TestRunner.java:591)
at org.testng.SuiteRunner.runTest(SuiteRunner.java:402)
at org.testng.SuiteRunner.runSequentially(SuiteRunner.java:396)
at org.testng.SuiteRunner.privateRun(SuiteRunner.java:355)
at org.testng.SuiteRunner.run(SuiteRunner.java:304)
at org.testng.SuiteRunnerWorker.runSuite(SuiteRunnerWorker.java:53)
at org.testng.SuiteRunnerWorker.run(SuiteRunnerWorker.java:96)
at org.testng.TestNG.runSuitesSequentially(TestNG.java:1180)
at org.testng.TestNG.runSuitesLocally(TestNG.java:1102)
at org.testng.TestNG.runSuites(TestNG.java:1032)
at org.testng.TestNG.run(TestNG.java:1000)
at org.apache.maven.surefire.testng.TestNGExecutor.run(TestNGExecutor.java:284)
at org.apache.maven.surefire.testng.TestNGXmlTestSuite.execute(TestNGXmlTestSuite.java:75)
at org.apache.maven.surefire.testng.TestNGProvider.invoke(TestNGProvider.java:119)
at org.apache.maven.surefire.booter.ForkedBooter.runSuitesInProcess(ForkedBooter.java:428)
at org.apache.maven.surefire.booter.ForkedBooter.execute(ForkedBooter.java:162)
at org.apache.maven.surefire.booter.ForkedBooter.run(ForkedBooter.java:562)
at org.apache.maven.surefire.booter.ForkedBooter.main(ForkedBooter.java:548)
]]>
            </full-stacktrace>
          </exception> <!-- com.mindtree.exceptions.ApplicationException -->
          <reporter-output>
          </reporter-output>
        </test-method> <!-- cartValidate -->
        <test-method is-config="true" signature="disClose()[pri:0, instance:com.mindtree.runner.GiftRunner@ebaa6cb]" started-at="2021-11-22T17:13:52 IST" name="disClose" finished-at="2021-11-22T17:13:52 IST" duration-ms="420" status="PASS">
          <reporter-output>
          </reporter-output>
        </test-method> <!-- disClose -->
      </class> <!-- com.mindtree.runner.GiftRunner -->
    </test> <!-- Test -->
  </suite> <!-- Suite -->
</testng-results>
