<?xml version="1.0" encoding="UTF-8"?>
<testsuite xmlns:xsi="http://www.w3.org/2001/XMLSchema-instance" xsi:noNamespaceSchemaLocation="https://maven.apache.org/surefire/maven-surefire-plugin/xsd/surefire-test-report-3.0.xsd" version="3.0" name="TestSuite" time="199.493" tests="10" errors="0" skipped="0" failures="2">
  <properties>
[...]
</properties>
  <testcase name="validateTitle[Gifts Online - Send Unique, Unusual Gifts in India, Buy Gifts– Bigsmall.in](1)" classname="com.mindtree.runner.GiftRunner" time="0.426">
    <system-out><![CDATA[{personalize gift name=Personalized Metallic Keychain I COD Not Available, home decor quantity=3, pw=123456789, christmas item=Christmas Socks, gifts type=Gifts For Kids, secret santa item=Harry Potter Plush Slippers, what's new gift quantity=3, corporate Name=Biren, corporate phn=8658865825, secret santa quantity=3, christmas quantity=2, gifts items=Panda Wooden LED Lamp, what's new gift name=Dice Keeper 3D Puzzle, home decor item=3D Jewellery Holder Palette, corporate Email=demo@gmai.com, id=motog05052000@gmail.com, personalize  name=Biren, personalize quantity=3, gifts quantity=3}
11-22-2021 17:10:47 ExtentLogUtilities.java DEBUG [main] runner.GiftRunner 14 - URL Opened
11-22-2021 17:10:48 _Log4jLoggerFactory.java DEBUG [main] freemarker.cache 45 - Couldn't find template in cache for "Extent.ftl"("en_US", UTF-8, parsed); will try to load it.
11-22-2021 17:10:48 _Log4jLoggerFactory.java DEBUG [main] freemarker.cache 45 - TemplateLoader.findTemplateSource("Extent_en_US.ftl"): Not found
11-22-2021 17:10:48 _Log4jLoggerFactory.java DEBUG [main] freemarker.cache 45 - TemplateLoader.findTemplateSource("Extent_en.ftl"): Not found
11-22-2021 17:10:48 _Log4jLoggerFactory.java DEBUG [main] freemarker.cache 45 - TemplateLoader.findTemplateSource("Extent.ftl"): Found
11-22-2021 17:10:48 _Log4jLoggerFactory.java DEBUG [main] freemarker.cache 45 - Loading template for "Extent.ftl"("en_US", UTF-8, parsed) from "jar:file:/C:/Users/M1074035/.m2/repository/com/relevantcodes/extentreports/2.41.2/extentreports-2.41.2.jar!/com/relevantcodes/extentreports/view/Extent.ftl"
11-22-2021 17:10:48 ExtentLogUtilities.java DEBUG [main] runner.GiftRunner 14 - Page opend with title Gifts Online - Send Unique, Unusual Gifts in India, Buy Gifts– Bigsmall.in
11-22-2021 17:10:48 _Log4jLoggerFactory.java DEBUG [main] freemarker.cache 45 - Couldn't find template in cache for "Extent.ftl"("en_US", UTF-8, parsed); will try to load it.
11-22-2021 17:10:48 _Log4jLoggerFactory.java DEBUG [main] freemarker.cache 45 - TemplateLoader.findTemplateSource("Extent_en_US.ftl"): Not found
11-22-2021 17:10:48 _Log4jLoggerFactory.java DEBUG [main] freemarker.cache 45 - TemplateLoader.findTemplateSource("Extent_en.ftl"): Not found
11-22-2021 17:10:48 _Log4jLoggerFactory.java DEBUG [main] freemarker.cache 45 - TemplateLoader.findTemplateSource("Extent.ftl"): Found
11-22-2021 17:10:48 _Log4jLoggerFactory.java DEBUG [main] freemarker.cache 45 - Loading template for "Extent.ftl"("en_US", UTF-8, parsed) from "jar:file:/C:/Users/M1074035/.m2/repository/com/relevantcodes/extentreports/2.41.2/extentreports-2.41.2.jar!/com/relevantcodes/extentreports/view/Extent.ftl"
]]></system-out>
    <system-err><![CDATA[log4j:WARN No such property [maxBackupIndex] in com.mindtree.utilities.Log.
log4j:WARN No such property [maxFileSize] in com.mindtree.utilities.Log.
Starting ChromeDriver 96.0.4664.45 (76e4c1bb2ab4671b8beba3444e61c0f17584b2fc-refs/branch-heads/4664@{#947}) on port 6933
Only local connections are allowed.
Please see https://chromedriver.chromium.org/security-considerations for suggestions on keeping ChromeDriver safe.
ChromeDriver was started successfully.
Nov 22, 2021 5:10:36 PM org.openqa.selenium.remote.ProtocolHandshake createSession
INFO: Detected dialect: W3C
]]></system-err>
  </testcase>
  <testcase name="LogIn[motog05052000@gmail.com, 123456789](1)" classname="com.mindtree.runner.GiftRunner" time="17.614">
    <failure message="Logged in failed" type="com.mindtree.exceptions.ApplicationException"><![CDATA[com.mindtree.exceptions.ApplicationException: Logged in failed
	at com.mindtree.runner.GiftRunner.LogIn(GiftRunner.java:71)
]]></failure>
    <system-out><![CDATA[11-22-2021 17:10:51 ExtentLogUtilities.java DEBUG [main] runner.GiftRunner 14 - Log In Button is clicked in page Home Page
11-22-2021 17:10:56 ExtentLogUtilities.java DEBUG [main] runner.GiftRunner 14 - Email field is send in page Account Log in
11-22-2021 17:10:56 ExtentLogUtilities.java DEBUG [main] runner.GiftRunner 14 - password field is send in page Account Log in
11-22-2021 17:11:02 ExtentLogUtilities.java DEBUG [main] runner.GiftRunner 14 - sign in button is clicked in page Account Log in
11-22-2021 17:11:02 ExtentLogUtilities.java ERROR [main] runner.GiftRunner 21 - logged in failed
11-22-2021 17:11:05 ExtentLogUtilities.java DEBUG [main] runner.GiftRunner 14 - Bigsmall pic is clicked in page Log in page
11-22-2021 17:11:06 _Log4jLoggerFactory.java DEBUG [main] freemarker.cache 45 - Couldn't find template in cache for "Extent.ftl"("en_US", UTF-8, parsed); will try to load it.
11-22-2021 17:11:06 _Log4jLoggerFactory.java DEBUG [main] freemarker.cache 45 - TemplateLoader.findTemplateSource("Extent_en_US.ftl"): Not found
11-22-2021 17:11:06 _Log4jLoggerFactory.java DEBUG [main] freemarker.cache 45 - TemplateLoader.findTemplateSource("Extent_en.ftl"): Not found
11-22-2021 17:11:06 _Log4jLoggerFactory.java DEBUG [main] freemarker.cache 45 - TemplateLoader.findTemplateSource("Extent.ftl"): Found
11-22-2021 17:11:06 _Log4jLoggerFactory.java DEBUG [main] freemarker.cache 45 - Loading template for "Extent.ftl"("en_US", UTF-8, parsed) from "jar:file:/C:/Users/M1074035/.m2/repository/com/relevantcodes/extentreports/2.41.2/extentreports-2.41.2.jar!/com/relevantcodes/extentreports/view/Extent.ftl"
]]></system-out>
  </testcase>
  <testcase name="PersonalizeGift[3, Biren, Personalized Metallic Keychain I COD Not Available](1)" classname="com.mindtree.runner.GiftRunner" time="30.141">
    <system-out><![CDATA[11-22-2021 17:11:09 ExtentLogUtilities.java DEBUG [main] runner.GiftRunner 14 - Personalize Gift button is clicked in page Home page
11-22-2021 17:11:21 ExtentLogUtilities.java DEBUG [main] runner.GiftRunner 14 - Personalized Metallic Keychain I COD Not Available is clicked in page result page
11-22-2021 17:11:23 ExtentLogUtilities.java DEBUG [main] runner.GiftRunner 14 - Quantity Field is send in page Cart Page
11-22-2021 17:11:24 ExtentLogUtilities.java DEBUG [main] runner.GiftRunner 14 - name Field is send in page Cart Page
11-22-2021 17:11:24 ExtentLogUtilities.java DEBUG [main] runner.GiftRunner 14 - Add to cart is clicked in page Cart page
11-22-2021 17:11:31 ExtentLogUtilities.java DEBUG [main] runner.GiftRunner 14 - Bigsmall pic is clicked in page cart page
11-22-2021 17:11:36 _Log4jLoggerFactory.java DEBUG [main] freemarker.cache 45 - Couldn't find template in cache for "Extent.ftl"("en_US", UTF-8, parsed); will try to load it.
11-22-2021 17:11:36 _Log4jLoggerFactory.java DEBUG [main] freemarker.cache 45 - TemplateLoader.findTemplateSource("Extent_en_US.ftl"): Not found
11-22-2021 17:11:36 _Log4jLoggerFactory.java DEBUG [main] freemarker.cache 45 - TemplateLoader.findTemplateSource("Extent_en.ftl"): Not found
11-22-2021 17:11:36 _Log4jLoggerFactory.java DEBUG [main] freemarker.cache 45 - TemplateLoader.findTemplateSource("Extent.ftl"): Found
11-22-2021 17:11:36 _Log4jLoggerFactory.java DEBUG [main] freemarker.cache 45 - Loading template for "Extent.ftl"("en_US", UTF-8, parsed) from "jar:file:/C:/Users/M1074035/.m2/repository/com/relevantcodes/extentreports/2.41.2/extentreports-2.41.2.jar!/com/relevantcodes/extentreports/view/Extent.ftl"
]]></system-out>
  </testcase>
  <testcase name="WhtsNewGift[3, Dice Keeper 3D Puzzle](1)" classname="com.mindtree.runner.GiftRunner" time="24.745">
    <system-out><![CDATA[11-22-2021 17:11:39 ExtentLogUtilities.java DEBUG [main] runner.GiftRunner 14 - Personalize Gift button is clicked in page Home page
11-22-2021 17:11:46 ExtentLogUtilities.java DEBUG [main] runner.GiftRunner 14 - Dice Keeper 3D Puzzle is clicked in page result page
11-22-2021 17:11:50 ExtentLogUtilities.java DEBUG [main] runner.GiftRunner 14 - Quantity Field is send in page Cart Page
11-22-2021 17:11:50 ExtentLogUtilities.java DEBUG [main] runner.GiftRunner 14 - Add to cart is clicked in page Cart page
11-22-2021 17:11:54 ExtentLogUtilities.java DEBUG [main] runner.GiftRunner 14 - Close Button is clicked in page Cart Page
11-22-2021 17:11:57 ExtentLogUtilities.java DEBUG [main] runner.GiftRunner 14 - Bigsmall pic is clicked in page cart
11-22-2021 17:12:01 _Log4jLoggerFactory.java DEBUG [main] freemarker.cache 45 - Couldn't find template in cache for "Extent.ftl"("en_US", UTF-8, parsed); will try to load it.
11-22-2021 17:12:01 _Log4jLoggerFactory.java DEBUG [main] freemarker.cache 45 - TemplateLoader.findTemplateSource("Extent_en_US.ftl"): Not found
11-22-2021 17:12:01 _Log4jLoggerFactory.java DEBUG [main] freemarker.cache 45 - TemplateLoader.findTemplateSource("Extent_en.ftl"): Not found
11-22-2021 17:12:01 _Log4jLoggerFactory.java DEBUG [main] freemarker.cache 45 - TemplateLoader.findTemplateSource("Extent.ftl"): Found
11-22-2021 17:12:01 _Log4jLoggerFactory.java DEBUG [main] freemarker.cache 45 - Loading template for "Extent.ftl"("en_US", UTF-8, parsed) from "jar:file:/C:/Users/M1074035/.m2/repository/com/relevantcodes/extentreports/2.41.2/extentreports-2.41.2.jar!/com/relevantcodes/extentreports/view/Extent.ftl"
]]></system-out>
  </testcase>
  <testcase name="ChristmasGift[2, Christmas Socks](1)" classname="com.mindtree.runner.GiftRunner" time="25.53">
    <system-out><![CDATA[11-22-2021 17:12:04 ExtentLogUtilities.java DEBUG [main] runner.GiftRunner 14 - christmas gifts button is clicked in page  Home page
11-22-2021 17:12:09 ExtentLogUtilities.java DEBUG [main] runner.GiftRunner 14 - Christmas Socks is clicked in page result page
11-22-2021 17:12:13 ExtentLogUtilities.java DEBUG [main] runner.GiftRunner 14 - quantity button  is send in page socks page
11-22-2021 17:12:14 ExtentLogUtilities.java DEBUG [main] runner.GiftRunner 14 - cart button is clicked in page socks page
11-22-2021 17:12:17 ExtentLogUtilities.java DEBUG [main] runner.GiftRunner 14 - Close Button is clicked in page Cart Page
11-22-2021 17:12:21 ExtentLogUtilities.java DEBUG [main] runner.GiftRunner 14 - Bigsmall pic is clicked in page cart page
11-22-2021 17:12:26 _Log4jLoggerFactory.java DEBUG [main] freemarker.cache 45 - Couldn't find template in cache for "Extent.ftl"("en_US", UTF-8, parsed); will try to load it.
11-22-2021 17:12:26 _Log4jLoggerFactory.java DEBUG [main] freemarker.cache 45 - TemplateLoader.findTemplateSource("Extent_en_US.ftl"): Not found
11-22-2021 17:12:26 _Log4jLoggerFactory.java DEBUG [main] freemarker.cache 45 - TemplateLoader.findTemplateSource("Extent_en.ftl"): Not found
11-22-2021 17:12:26 _Log4jLoggerFactory.java DEBUG [main] freemarker.cache 45 - TemplateLoader.findTemplateSource("Extent.ftl"): Found
11-22-2021 17:12:26 _Log4jLoggerFactory.java DEBUG [main] freemarker.cache 45 - Loading template for "Extent.ftl"("en_US", UTF-8, parsed) from "jar:file:/C:/Users/M1074035/.m2/repository/com/relevantcodes/extentreports/2.41.2/extentreports-2.41.2.jar!/com/relevantcodes/extentreports/view/Extent.ftl"
]]></system-out>
  </testcase>
  <testcase name="SecretSantaGift[3, Harry Potter Plush Slippers](1)" classname="com.mindtree.runner.GiftRunner" time="16.833">
    <system-out><![CDATA[11-22-2021 17:12:29 ExtentLogUtilities.java DEBUG [main] runner.GiftRunner 14 - secretsanta button is clicked in page  Home page
11-22-2021 17:12:33 ExtentLogUtilities.java DEBUG [main] runner.GiftRunner 14 - Harry Potter Plush Slippers is clicked in page result page
11-22-2021 17:12:35 ExtentLogUtilities.java DEBUG [main] runner.GiftRunner 14 -  cart button is send in page cart page
11-22-2021 17:12:36 ExtentLogUtilities.java DEBUG [main] runner.GiftRunner 14 - cart button is clicked in page cart page
11-22-2021 17:12:40 ExtentLogUtilities.java DEBUG [main] runner.GiftRunner 14 - Close Button is clicked in page Cart Page
11-22-2021 17:12:43 ExtentLogUtilities.java DEBUG [main] runner.GiftRunner 14 - Bigsmall pic is clicked in page cart page
11-22-2021 17:12:43 _Log4jLoggerFactory.java DEBUG [main] freemarker.cache 45 - Couldn't find template in cache for "Extent.ftl"("en_US", UTF-8, parsed); will try to load it.
11-22-2021 17:12:43 _Log4jLoggerFactory.java DEBUG [main] freemarker.cache 45 - TemplateLoader.findTemplateSource("Extent_en_US.ftl"): Not found
11-22-2021 17:12:43 _Log4jLoggerFactory.java DEBUG [main] freemarker.cache 45 - TemplateLoader.findTemplateSource("Extent_en.ftl"): Not found
11-22-2021 17:12:43 _Log4jLoggerFactory.java DEBUG [main] freemarker.cache 45 - TemplateLoader.findTemplateSource("Extent.ftl"): Found
11-22-2021 17:12:43 _Log4jLoggerFactory.java DEBUG [main] freemarker.cache 45 - Loading template for "Extent.ftl"("en_US", UTF-8, parsed) from "jar:file:/C:/Users/M1074035/.m2/repository/com/relevantcodes/extentreports/2.41.2/extentreports-2.41.2.jar!/com/relevantcodes/extentreports/view/Extent.ftl"
]]></system-out>
  </testcase>
  <testcase name="homeDecor[3, 3D Jewellery Holder Palette](1)" classname="com.mindtree.runner.GiftRunner" time="22.594">
    <system-out><![CDATA[11-22-2021 17:12:46 ExtentLogUtilities.java DEBUG [main] runner.GiftRunner 14 - Home decor button is clicked in page  Home page
11-22-2021 17:12:50 ExtentLogUtilities.java DEBUG [main] runner.GiftRunner 14 - 3D Jewellery Holder Palette is clicked in page result page
11-22-2021 17:12:53 ExtentLogUtilities.java DEBUG [main] runner.GiftRunner 14 - quantity button is send in page lamp page
11-22-2021 17:12:53 ExtentLogUtilities.java DEBUG [main] runner.GiftRunner 14 - cart button is clicked in page lamp page
11-22-2021 17:12:57 ExtentLogUtilities.java DEBUG [main] runner.GiftRunner 14 - Close Button is clicked in page Cart Page
11-22-2021 17:13:00 ExtentLogUtilities.java DEBUG [main] runner.GiftRunner 14 - Bigsmall pic is clicked in page cart page
]]></system-out>
  </testcase>
  <testcase name="Gifts[Gifts For Kids, 3, Panda Wooden LED Lamp](1)" classname="com.mindtree.runner.GiftRunner" time="25.936">
    <system-out><![CDATA[Gifts for Guys
Gifts For Girls
Gifts for Kids
11-22-2021 17:13:09 ExtentLogUtilities.java DEBUG [main] runner.GiftRunner 14 - Gifts For Kids is clicked in page Home Page
11-22-2021 17:13:15 ExtentLogUtilities.java DEBUG [main] runner.GiftRunner 14 - Panda Wooden LED Lamp is clicked in page result page
11-22-2021 17:13:19 ExtentLogUtilities.java DEBUG [main] runner.GiftRunner 14 - quantity button  is send in page socks page
11-22-2021 17:13:19 ExtentLogUtilities.java DEBUG [main] runner.GiftRunner 14 - cart button is clicked in page socks page
11-22-2021 17:13:23 ExtentLogUtilities.java DEBUG [main] runner.GiftRunner 14 - Close Button is clicked in page Cart Page
11-22-2021 17:13:26 ExtentLogUtilities.java DEBUG [main] runner.GiftRunner 14 - Bigsmall pic is clicked in page cart page
11-22-2021 17:13:32 _Log4jLoggerFactory.java DEBUG [main] freemarker.cache 45 - Couldn't find template in cache for "Extent.ftl"("en_US", UTF-8, parsed); will try to load it.
11-22-2021 17:13:32 _Log4jLoggerFactory.java DEBUG [main] freemarker.cache 45 - TemplateLoader.findTemplateSource("Extent_en_US.ftl"): Not found
11-22-2021 17:13:32 _Log4jLoggerFactory.java DEBUG [main] freemarker.cache 45 - TemplateLoader.findTemplateSource("Extent_en.ftl"): Not found
11-22-2021 17:13:32 _Log4jLoggerFactory.java DEBUG [main] freemarker.cache 45 - TemplateLoader.findTemplateSource("Extent.ftl"): Found
11-22-2021 17:13:32 _Log4jLoggerFactory.java DEBUG [main] freemarker.cache 45 - Loading template for "Extent.ftl"("en_US", UTF-8, parsed) from "jar:file:/C:/Users/M1074035/.m2/repository/com/relevantcodes/extentreports/2.41.2/extentreports-2.41.2.jar!/com/relevantcodes/extentreports/view/Extent.ftl"
]]></system-out>
  </testcase>
  <testcase name="cropDetailSubmit[Biren, demo@gmai.com, 8658865825](1)" classname="com.mindtree.runner.GiftRunner" time="19.07">
    <system-out><![CDATA[11-22-2021 17:13:35 ExtentLogUtilities.java DEBUG [main] runner.GiftRunner 14 - Corporate Button is clicked in page Home Page
11-22-2021 17:13:38 ExtentLogUtilities.java DEBUG [main] runner.GiftRunner 14 - Name is send in page Corporate form Page
11-22-2021 17:13:38 ExtentLogUtilities.java DEBUG [main] runner.GiftRunner 14 - email is send in page Corporate form Page
11-22-2021 17:13:38 ExtentLogUtilities.java DEBUG [main] runner.GiftRunner 14 - Phone No. is send in page Corporate form Page
11-22-2021 17:13:39 ExtentLogUtilities.java DEBUG [main] runner.GiftRunner 14 - Submit Button is clicked in page Corporate form Page
11-22-2021 17:13:45 ExtentLogUtilities.java DEBUG [main] runner.GiftRunner 14 - Bigsmall pic is clicked in page cart page
11-22-2021 17:13:51 _Log4jLoggerFactory.java DEBUG [main] freemarker.cache 45 - Couldn't find template in cache for "Extent.ftl"("en_US", UTF-8, parsed); will try to load it.
11-22-2021 17:13:51 _Log4jLoggerFactory.java DEBUG [main] freemarker.cache 45 - TemplateLoader.findTemplateSource("Extent_en_US.ftl"): Not found
11-22-2021 17:13:51 _Log4jLoggerFactory.java DEBUG [main] freemarker.cache 45 - TemplateLoader.findTemplateSource("Extent_en.ftl"): Not found
11-22-2021 17:13:51 _Log4jLoggerFactory.java DEBUG [main] freemarker.cache 45 - TemplateLoader.findTemplateSource("Extent.ftl"): Found
11-22-2021 17:13:51 _Log4jLoggerFactory.java DEBUG [main] freemarker.cache 45 - Loading template for "Extent.ftl"("en_US", UTF-8, parsed) from "jar:file:/C:/Users/M1074035/.m2/repository/com/relevantcodes/extentreports/2.41.2/extentreports-2.41.2.jar!/com/relevantcodes/extentreports/view/Extent.ftl"
]]></system-out>
  </testcase>
  <testcase name="cartValidate" classname="com.mindtree.runner.GiftRunner" time="1.225">
    <failure message="All products not Added to cart" type="com.mindtree.exceptions.ApplicationException"><![CDATA[com.mindtree.exceptions.ApplicationException: All products not Added to cart
	at com.mindtree.runner.GiftRunner.cartValidate(GiftRunner.java:244)
]]></failure>
    <system-out><![CDATA[11-22-2021 17:13:51 ExtentLogUtilities.java DEBUG [main] runner.GiftRunner 14 - Cart Button is clicked in page Home Page
[2, Christmas Socks, 3, 3D Jewellery Holder Palette, Harry Potter Plush Slippers, Panda Wooden LED Lamp, Dice Keeper 3D Puzzle, Personalized Metallic Keychain I COD Not Available]
11-22-2021 17:13:52 ExtentLogUtilities.java ERROR [main] runner.GiftRunner 21 - All products not Added to cart
11-22-2021 17:13:52 _Log4jLoggerFactory.java DEBUG [main] freemarker.cache 45 - Couldn't find template in cache for "Extent.ftl"("en_US", UTF-8, parsed); will try to load it.
11-22-2021 17:13:52 _Log4jLoggerFactory.java DEBUG [main] freemarker.cache 45 - TemplateLoader.findTemplateSource("Extent_en_US.ftl"): Not found
11-22-2021 17:13:52 _Log4jLoggerFactory.java DEBUG [main] freemarker.cache 45 - TemplateLoader.findTemplateSource("Extent_en.ftl"): Not found
11-22-2021 17:13:52 _Log4jLoggerFactory.java DEBUG [main] freemarker.cache 45 - TemplateLoader.findTemplateSource("Extent.ftl"): Found
11-22-2021 17:13:52 _Log4jLoggerFactory.java DEBUG [main] freemarker.cache 45 - Loading template for "Extent.ftl"("en_US", UTF-8, parsed) from "jar:file:/C:/Users/M1074035/.m2/repository/com/relevantcodes/extentreports/2.41.2/extentreports-2.41.2.jar!/com/relevantcodes/extentreports/view/Extent.ftl"
]]></system-out>
  </testcase>
</testsuite>