<?xml version="1.0" encoding="UTF-8"?>
<testng-results ignored="0" total="10" passed="8" failed="2" skipped="0">
  <reporter-output>
  </reporter-output>
  <suite started-at="2021-11-22T16:39:42 IST" name="Default suite" finished-at="2021-11-22T16:43:11 IST" duration-ms="208379">
    <groups>
    </groups>
    <test started-at="2021-11-22T16:39:42 IST" name="Default test" finished-at="2021-11-22T16:43:11 IST" duration-ms="208379">
      <class name="com.mindtree.runner.GiftRunner">
        <test-method is-config="true" signature="initializeDriver()[pri:0, instance:com.mindtree.runner.GiftRunner@2dd80673]" started-at="2021-11-22T16:39:42 IST" name="initializeDriver" finished-at="2021-11-22T16:39:58 IST" duration-ms="15789" status="PASS">
          <reporter-output>
          </reporter-output>
        </test-method> <!-- initializeDriver -->
        <test-method signature="validateTitle(java.lang.String)[pri:1, instance:com.mindtree.runner.GiftRunner@2dd80673]" started-at="2021-11-22T16:39:58 IST" name="validateTitle" data-provider="getTitle" finished-at="2021-11-22T16:39:59 IST" duration-ms="582" status="PASS">
          <params>
            <param index="0">
              <value>
                <![CDATA[Gifts Online - Send Unique, Unusual Gifts in India, Buy Gifts– Bigsmall.in]]>
              </value>
            </param>
          </params>
          <reporter-output>
          </reporter-output>
        </test-method> <!-- validateTitle -->
        <test-method signature="LogIn(java.lang.String, java.lang.String)[pri:2, instance:com.mindtree.runner.GiftRunner@2dd80673]" started-at="2021-11-22T16:39:59 IST" name="LogIn" data-provider="getData" finished-at="2021-11-22T16:40:17 IST" duration-ms="17929" status="FAIL">
          <params>
            <param index="0">
              <value>
                <![CDATA[motog05052000@gmail.com]]>
              </value>
            </param>
            <param index="1">
              <value>
                <![CDATA[123456789]]>
              </value>
            </param>
          </params>
          <exception class="com.mindtree.exceptions.ApplicationException">
            <message>
              <![CDATA[Logged in failed]]>
            </message>
            <full-stacktrace>
              <![CDATA[com.mindtree.exceptions.ApplicationException: Logged in failed
at com.mindtree.runner.GiftRunner.LogIn(GiftRunner.java:71)
at java.base/jdk.internal.reflect.NativeMethodAccessorImpl.invoke0(Native Method)
at java.base/jdk.internal.reflect.NativeMethodAccessorImpl.invoke(NativeMethodAccessorImpl.java:78)
at java.base/jdk.internal.reflect.DelegatingMethodAccessorImpl.invoke(DelegatingMethodAccessorImpl.java:43)
at java.base/java.lang.reflect.Method.invoke(Method.java:567)
at org.testng.internal.MethodInvocationHelper.invokeMethod(MethodInvocationHelper.java:133)
at org.testng.internal.TestInvoker.invokeMethod(TestInvoker.java:584)
at org.testng.internal.TestInvoker.invokeTestMethod(TestInvoker.java:172)
at org.testng.internal.MethodRunner.runInSequence(MethodRunner.java:46)
at org.testng.internal.TestInvoker$MethodInvocationAgent.invoke(TestInvoker.java:804)
at org.testng.internal.TestInvoker.invokeTestMethods(TestInvoker.java:145)
at org.testng.internal.TestMethodWorker.invokeTestMethods(TestMethodWorker.java:146)
at org.testng.internal.TestMethodWorker.run(TestMethodWorker.java:128)
at java.base/java.util.ArrayList.forEach(ArrayList.java:1511)
at org.testng.TestRunner.privateRun(TestRunner.java:770)
at org.testng.TestRunner.run(TestRunner.java:591)
at org.testng.SuiteRunner.runTest(SuiteRunner.java:402)
at org.testng.SuiteRunner.runSequentially(SuiteRunner.java:396)
at org.testng.SuiteRunner.privateRun(SuiteRunner.java:355)
at org.testng.SuiteRunner.run(SuiteRunner.java:304)
at org.testng.SuiteRunnerWorker.runSuite(SuiteRunnerWorker.java:53)
at org.testng.SuiteRunnerWorker.run(SuiteRunnerWorker.java:96)
at org.testng.TestNG.runSuitesSequentially(TestNG.java:1180)
at org.testng.TestNG.runSuitesLocally(TestNG.java:1102)
at org.testng.TestNG.runSuites(TestNG.java:1032)
at org.testng.TestNG.run(TestNG.java:1000)
at org.testng.remote.AbstractRemoteTestNG.run(AbstractRemoteTestNG.java:115)
at org.testng.remote.RemoteTestNG.initAndRun(RemoteTestNG.java:251)
at org.testng.remote.RemoteTestNG.main(RemoteTestNG.java:77)
]]>
            </full-stacktrace>
          </exception> <!-- com.mindtree.exceptions.ApplicationException -->
          <reporter-output>
          </reporter-output>
        </test-method> <!-- LogIn -->
        <test-method signature="PersonalizeGift(java.lang.String, java.lang.String, java.lang.String)[pri:3, instance:com.mindtree.runner.GiftRunner@2dd80673]" started-at="2021-11-22T16:40:17 IST" name="PersonalizeGift" data-provider="getPerData" finished-at="2021-11-22T16:40:44 IST" duration-ms="27531" status="PASS">
          <params>
            <param index="0">
              <value>
                <![CDATA[3]]>
              </value>
            </param>
            <param index="1">
              <value>
                <![CDATA[Biren]]>
              </value>
            </param>
            <param index="2">
              <value>
                <![CDATA[Personalized Metallic Keychain I COD Not Available]]>
              </value>
            </param>
          </params>
          <reporter-output>
          </reporter-output>
        </test-method> <!-- PersonalizeGift -->
        <test-method signature="WhtsNewGift(java.lang.String, java.lang.String)[pri:4, instance:com.mindtree.runner.GiftRunner@2dd80673]" started-at="2021-11-22T16:40:44 IST" name="WhtsNewGift" data-provider="getWhtData" finished-at="2021-11-22T16:41:08 IST" duration-ms="23823" status="PASS">
          <params>
            <param index="0">
              <value>
                <![CDATA[3]]>
              </value>
            </param>
            <param index="1">
              <value>
                <![CDATA[Dice Keeper 3D Puzzle]]>
              </value>
            </param>
          </params>
          <reporter-output>
          </reporter-output>
        </test-method> <!-- WhtsNewGift -->
        <test-method signature="ChristmasGift(java.lang.String, java.lang.String)[pri:5, instance:com.mindtree.runner.GiftRunner@2dd80673]" started-at="2021-11-22T16:41:08 IST" name="ChristmasGift" data-provider="getChrisData" finished-at="2021-11-22T16:41:33 IST" duration-ms="24966" status="PASS">
          <params>
            <param index="0">
              <value>
                <![CDATA[2]]>
              </value>
            </param>
            <param index="1">
              <value>
                <![CDATA[Christmas Socks]]>
              </value>
            </param>
          </params>
          <reporter-output>
          </reporter-output>
        </test-method> <!-- ChristmasGift -->
        <test-method signature="SecretSantaGift(java.lang.String, java.lang.String)[pri:6, instance:com.mindtree.runner.GiftRunner@2dd80673]" started-at="2021-11-22T16:41:33 IST" name="SecretSantaGift" data-provider="getScrtData" finished-at="2021-11-22T16:41:50 IST" duration-ms="16682" status="PASS">
          <params>
            <param index="0">
              <value>
                <![CDATA[3]]>
              </value>
            </param>
            <param index="1">
              <value>
                <![CDATA[Harry Potter Plush Slippers]]>
              </value>
            </param>
          </params>
          <reporter-output>
          </reporter-output>
        </test-method> <!-- SecretSantaGift -->
        <test-method signature="homeDecor(java.lang.String, java.lang.String)[pri:7, instance:com.mindtree.runner.GiftRunner@2dd80673]" started-at="2021-11-22T16:41:50 IST" name="homeDecor" data-provider="getHmData" finished-at="2021-11-22T16:42:12 IST" duration-ms="22628" status="PASS">
          <params>
            <param index="0">
              <value>
                <![CDATA[3]]>
              </value>
            </param>
            <param index="1">
              <value>
                <![CDATA[3D Jewellery Holder Palette]]>
              </value>
            </param>
          </params>
          <reporter-output>
          </reporter-output>
        </test-method> <!-- homeDecor -->
        <test-method signature="Gifts(java.lang.String, java.lang.String, java.lang.String)[pri:8, instance:com.mindtree.runner.GiftRunner@2dd80673]" started-at="2021-11-22T16:42:12 IST" name="Gifts" data-provider="getGiftData" finished-at="2021-11-22T16:42:39 IST" duration-ms="27067" status="PASS">
          <params>
            <param index="0">
              <value>
                <![CDATA[Gifts For Kids]]>
              </value>
            </param>
            <param index="1">
              <value>
                <![CDATA[3]]>
              </value>
            </param>
            <param index="2">
              <value>
                <![CDATA[Panda Wooden LED Lamp]]>
              </value>
            </param>
          </params>
          <reporter-output>
          </reporter-output>
        </test-method> <!-- Gifts -->
        <test-method signature="cropDetailSubmit(java.lang.String, java.lang.String, java.lang.String)[pri:9, instance:com.mindtree.runner.GiftRunner@2dd80673]" started-at="2021-11-22T16:42:39 IST" name="cropDetailSubmit" data-provider="getCopData" finished-at="2021-11-22T16:43:09 IST" duration-ms="29390" status="PASS">
          <params>
            <param index="0">
              <value>
                <![CDATA[Biren]]>
              </value>
            </param>
            <param index="1">
              <value>
                <![CDATA[demo@gmai.com]]>
              </value>
            </param>
            <param index="2">
              <value>
                <![CDATA[8658865825]]>
              </value>
            </param>
          </params>
          <reporter-output>
          </reporter-output>
        </test-method> <!-- cropDetailSubmit -->
        <test-method signature="cartValidate()[pri:10, instance:com.mindtree.runner.GiftRunner@2dd80673]" started-at="2021-11-22T16:43:09 IST" name="cartValidate" finished-at="2021-11-22T16:43:10 IST" duration-ms="1340" status="FAIL">
          <exception class="com.mindtree.exceptions.ApplicationException">
            <message>
              <![CDATA[All products not Added to cart]]>
            </message>
            <full-stacktrace>
              <![CDATA[com.mindtree.exceptions.ApplicationException: All products not Added to cart
at com.mindtree.runner.GiftRunner.cartValidate(GiftRunner.java:244)
at java.base/jdk.internal.reflect.NativeMethodAccessorImpl.invoke0(Native Method)
at java.base/jdk.internal.reflect.NativeMethodAccessorImpl.invoke(NativeMethodAccessorImpl.java:78)
at java.base/jdk.internal.reflect.DelegatingMethodAccessorImpl.invoke(DelegatingMethodAccessorImpl.java:43)
at java.base/java.lang.reflect.Method.invoke(Method.java:567)
at org.testng.internal.MethodInvocationHelper.invokeMethod(MethodInvocationHelper.java:133)
at org.testng.internal.TestInvoker.invokeMethod(TestInvoker.java:584)
at org.testng.internal.TestInvoker.invokeTestMethod(TestInvoker.java:172)
at org.testng.internal.MethodRunner.runInSequence(MethodRunner.java:46)
at org.testng.internal.TestInvoker$MethodInvocationAgent.invoke(TestInvoker.java:804)
at org.testng.internal.TestInvoker.invokeTestMethods(TestInvoker.java:145)
at org.testng.internal.TestMethodWorker.invokeTestMethods(TestMethodWorker.java:146)
at org.testng.internal.TestMethodWorker.run(TestMethodWorker.java:128)
at java.base/java.util.ArrayList.forEach(ArrayList.java:1511)
at org.testng.TestRunner.privateRun(TestRunner.java:770)
at org.testng.TestRunner.run(TestRunner.java:591)
at org.testng.SuiteRunner.runTest(SuiteRunner.java:402)
at org.testng.SuiteRunner.runSequentially(SuiteRunner.java:396)
at org.testng.SuiteRunner.privateRun(SuiteRunner.java:355)
at org.testng.SuiteRunner.run(SuiteRunner.java:304)
at org.testng.SuiteRunnerWorker.runSuite(SuiteRunnerWorker.java:53)
at org.testng.SuiteRunnerWorker.run(SuiteRunnerWorker.java:96)
at org.testng.TestNG.runSuitesSequentially(TestNG.java:1180)
at org.testng.TestNG.runSuitesLocally(TestNG.java:1102)
at org.testng.TestNG.runSuites(TestNG.java:1032)
at org.testng.TestNG.run(TestNG.java:1000)
at org.testng.remote.AbstractRemoteTestNG.run(AbstractRemoteTestNG.java:115)
at org.testng.remote.RemoteTestNG.initAndRun(RemoteTestNG.java:251)
at org.testng.remote.RemoteTestNG.main(RemoteTestNG.java:77)
]]>
            </full-stacktrace>
          </exception> <!-- com.mindtree.exceptions.ApplicationException -->
          <reporter-output>
          </reporter-output>
        </test-method> <!-- cartValidate -->
        <test-method is-config="true" signature="disClose()[pri:0, instance:com.mindtree.runner.GiftRunner@2dd80673]" started-at="2021-11-22T16:43:10 IST" name="disClose" finished-at="2021-11-22T16:43:11 IST" duration-ms="590" status="PASS">
          <reporter-output>
          </reporter-output>
        </test-method> <!-- disClose -->
      </class> <!-- com.mindtree.runner.GiftRunner -->
    </test> <!-- Default test -->
  </suite> <!-- Default suite -->
</testng-results>
